#
# A fatal error has been detected by the Java Runtime Environment:
#
#  SIGSEGV (0xb) at pc=0x0000000108088d90, pid=55282, tid=0x0000000000002e03
#
# JRE version: Java(TM) SE Runtime Environment (8.0_181-b13) (build 1.8.0_181-b13)
# Java VM: Java HotSpot(TM) 64-Bit Server VM (25.181-b13 mixed mode bsd-amd64 compressed oops)
# Problematic frame:
# V  [libjvm.dylib+0x288d90]
#
# Failed to write core dump. Core dumps have been disabled. To enable core dumping, try "ulimit -c unlimited" before starting Java again
#
# If you would like to submit a bug report, please visit:
#   http://bugreport.java.com/bugreport/crash.jsp
#

---------------  T H R E A D  ---------------

Current thread (0x00007fd252803000):  VMThread [stack: 0x000070000a4c5000,0x000070000a5c5000] [id=11779]

siginfo: si_signo: 11 (SIGSEGV), si_code: 1 (SEGV_MAPERR), si_addr: 0x0000000000000008

Registers:
RAX=0x0000000000000000, RBX=0x000000000000001e, RCX=0x000000010e1f76e0, RDX=0x0000000000000000
RSP=0x000070000a5c44c0, RBP=0x000070000a5c4510, RSI=0x0000000000000000, RDI=0x000000010e1d71a8
R8 =0x000000000000001e, R9 =0x000000008a000000, R10=0x00000000fffffffe, R11=0xffffffffffffffc0
R12=0x000070000a5c46d8, R13=0x000000010e1d71a8, R14=0x0000000000000000, R15=0x0000000000000001
RIP=0x0000000108088d90, EFLAGS=0x0000000000010246, ERR=0x0000000000000004
  TRAPNO=0x000000000000000e

Top of Stack: (sp=0x000070000a5c44c0)
0x000070000a5c44c0:   000070000a5c44e0 00000001083ad142
0x000070000a5c44d0:   000070000a5c4528 000070000a5c46d8
0x000070000a5c44e0:   000070000a5c4510 00007fd251f07d50
0x000070000a5c44f0:   000070000a5c4528 000000010e1d7ee8
0x000070000a5c4500:   000070000a5c46d8 000000000000002a
0x000070000a5c4510:   000070000a5c4590 000000010808a7ec
0x000070000a5c4520:   000070000a5c45c0 000070000a5c4560
0x000070000a5c4530:   000000010e1d7ee8 00007fd252803000
0x000070000a5c4540:   000000210000001e 000000b40000002a
0x000070000a5c4550:   000000b40a5c0000 000000010e1d7ee8
0x000070000a5c4560:   00007fd252803000 000000010e1d7ee8
0x000070000a5c4570:   000070000a5c46d8 000000010e1d7ee8
0x000070000a5c4580:   0000000000000000 0000000000000028
0x000070000a5c4590:   000070000a5c45c0 000000010808aa3b
0x000070000a5c45a0:   000070000a5c45c0 000070000a5c46d8
0x000070000a5c45b0:   000070000a5c46d8 000000010e1d7ee8
0x000070000a5c45c0:   000070000a5c45e0 000000010808afd2
0x000070000a5c45d0:   000070000a5c46d8 00007fd252803000
0x000070000a5c45e0:   000070000a5c4670 000000010808b3eb
0x000070000a5c45f0:   0000000108420000 0000000000000000
0x000070000a5c4600:   000000010842ec5a 0000000000000000
0x000070000a5c4610:   0000000000000000 0000000300000100
0x000070000a5c4620:   0000000000000000 000000010841b982
0x000070000a5c4630:   0000000000000000 0000000000000000
0x000070000a5c4640:   000000010e1d7ee8 00007fd252803000
0x000070000a5c4650:   000000010e1d7ee8 000070000a5c46d8
0x000070000a5c4660:   00007fd252803000 00007fd251c013d0
0x000070000a5c4670:   000070000a5c46c0 0000000108285331
0x000070000a5c4680:   00007fd251c04a40 00007fd251f07c90
0x000070000a5c4690:   00007fd251f07ca0 00007fd251f08078
0x000070000a5c46a0:   00000000000003d8 000000000000001d
0x000070000a5c46b0:   000070000a5c4868 00007fd251c013d0 

Instructions: (pc=0x0000000108088d90)
0x0000000108088d70:   68 08 31 d2 4c 89 ef 89 ce e8 ce 98 f5 ff 4c 89
0x0000000108088d80:   ef 89 c6 e8 aa 97 f5 ff 48 63 c0 49 8b 44 c5 50
0x0000000108088d90:   8a 40 08 3c 5a 7f 2b 3c 44 74 1e 3c 4a 74 1a 3c
0x0000000108088da0:   4c 74 23 3c 56 48 8d 05 74 b9 68 00 48 8d 1d fd 

Register to memory mapping:

RAX=0x0000000000000000 is an unknown value
RBX=0x000000000000001e is an unknown value
RCX={method} {0x000000010e1f76e0} 'getDepartureTime' '()Ljava/util/Date;' in 'Flight'
RDX=0x0000000000000000 is an unknown value
RSP=0x000070000a5c44c0 is an unknown value
RBP=0x000070000a5c4510 is an unknown value
RSI=0x0000000000000000 is an unknown value
RDI=0x000000010e1d71a8 is pointing into metadata
R8 =0x000000000000001e is an unknown value
R9 =0x000000008a000000 is an unknown value
R10=0x00000000fffffffe is an unknown value
R11=0xffffffffffffffc0 is an unknown value
R12=0x000070000a5c46d8 is an unknown value
R13=0x000000010e1d71a8 is pointing into metadata
R14=0x0000000000000000 is an unknown value
R15=0x0000000000000001 is an unknown value


Stack: [0x000070000a4c5000,0x000070000a5c5000],  sp=0x000070000a5c44c0,  free space=1021k
Native frames: (J=compiled Java code, j=interpreted, Vv=VM code, C=native code)
V  [libjvm.dylib+0x288d90]
V  [libjvm.dylib+0x28a7ec]
V  [libjvm.dylib+0x28aa3b]
V  [libjvm.dylib+0x28afd2]
V  [libjvm.dylib+0x28b3eb]
V  [libjvm.dylib+0x485331]
V  [libjvm.dylib+0x48553a]
V  [libjvm.dylib+0x48571b]
V  [libjvm.dylib+0x4859d2]
V  [libjvm.dylib+0x2c2b04]
V  [libjvm.dylib+0x45306d]
V  [libjvm.dylib+0x39afbf]
V  [libjvm.dylib+0x5bd499]
V  [libjvm.dylib+0x5bba31]
V  [libjvm.dylib+0x5bbe7e]
V  [libjvm.dylib+0x5bb79d]
V  [libjvm.dylib+0x48e342]
C  [libsystem_pthread.dylib+0x3661]  _pthread_body+0x154
C  [libsystem_pthread.dylib+0x350d]  _pthread_body+0x0
C  [libsystem_pthread.dylib+0x2bf9]  thread_start+0xd

VM_Operation (0x000070000a9d0938): GetOrSetLocal, mode: safepoint, requested by thread 0x00007fd25300c000


---------------  P R O C E S S  ---------------

Java Threads: ( => current thread )
  0x00007fd253864800 JavaThread "Service Thread" daemon [_thread_blocked, id=15363, stack(0x000070000aee3000,0x000070000afe3000)]
  0x00007fd253864000 JavaThread "C1 CompilerThread2" daemon [_thread_blocked, id=14851, stack(0x000070000ade0000,0x000070000aee0000)]
  0x00007fd253833000 JavaThread "C2 CompilerThread1" daemon [_thread_blocked, id=14339, stack(0x000070000acdd000,0x000070000addd000)]
  0x00007fd252830800 JavaThread "C2 CompilerThread0" daemon [_thread_blocked, id=17411, stack(0x000070000abda000,0x000070000acda000)]
  0x00007fd252818800 JavaThread "JDWP Command Reader" daemon [_thread_in_native, id=17667, stack(0x000070000aad7000,0x000070000abd7000)]
  0x00007fd252818000 JavaThread "JDWP Event Helper Thread" daemon [_thread_blocked, id=18179, stack(0x000070000a9d4000,0x000070000aad4000)]
  0x00007fd25300c000 JavaThread "JDWP Transport Listener: dt_socket" daemon [_thread_blocked, id=18695, stack(0x000070000a8d1000,0x000070000a9d1000)]
  0x00007fd252015000 JavaThread "Signal Dispatcher" daemon [_thread_blocked, id=13571, stack(0x000070000a7ce000,0x000070000a8ce000)]
  0x00007fd252805800 JavaThread "Finalizer" daemon [_thread_blocked, id=12291, stack(0x000070000a6cb000,0x000070000a7cb000)]
  0x00007fd25200e000 JavaThread "Reference Handler" daemon [_thread_blocked, id=21507, stack(0x000070000a5c8000,0x000070000a6c8000)]
  0x00007fd253001800 JavaThread "main" [_thread_blocked, id=6403, stack(0x0000700009fb6000,0x000070000a0b6000)]

Other Threads:
=>0x00007fd252803000 VMThread [stack: 0x000070000a4c5000,0x000070000a5c5000] [id=11779]
  0x00007fd252831000 WatcherThread [stack: 0x000070000afe6000,0x000070000b0e6000] [id=15619]

VM state:at safepoint (normal execution)

VM Mutex/Monitor currently owned by a thread:  ([mutex/lock_event])
[0x00007fd251d102e0] Threads_lock - owner thread: 0x00007fd252803000

Heap:
 PSYoungGen      total 38400K, used 10017K [0x0000000795580000, 0x0000000798000000, 0x00000007c0000000)
  eden space 33280K, 30% used [0x0000000795580000,0x0000000795f48668,0x0000000797600000)
  from space 5120K, 0% used [0x0000000797b00000,0x0000000797b00000,0x0000000798000000)
  to   space 5120K, 0% used [0x0000000797600000,0x0000000797600000,0x0000000797b00000)
 ParOldGen       total 87552K, used 0K [0x0000000740000000, 0x0000000745580000, 0x0000000795580000)
  object space 87552K, 0% used [0x0000000740000000,0x0000000740000000,0x0000000745580000)
 Metaspace       used 5515K, capacity 5618K, committed 5888K, reserved 1056768K
  class space    used 615K, capacity 657K, committed 768K, reserved 1048576K

Card table byte_map: [0x00000001092a8000,0x00000001096a9000] byte_map_base: 0x00000001058a8000

Marking Bits: (ParMarkBitMap*) 0x00000001086f9cd0
 Begin Bits: [0x0000000109954000, 0x000000010b954000)
 End Bits:   [0x000000010b954000, 0x000000010d954000)

Polling page: 0x00000001075f3000

CodeCache: size=245760Kb used=2030Kb max_used=2030Kb free=243729Kb
 bounds [0x000000011630f000, 0x000000011657f000, 0x000000012530f000]
 total_blobs=604 nmethods=327 adapters=199
 compilation: enabled

Compilation events (10 events):
Event: 1.100 Thread 0x00007fd253864000  325       3       java.util.LinkedHashMap$Entry::<init> (10 bytes)
Event: 1.101 Thread 0x00007fd253864000 nmethod 325 0x00000001165091d0 code [0x0000000116509340, 0x0000000116509590]
Event: 1.101 Thread 0x00007fd253864000  324       3       java.util.LinkedHashMap::newNode (23 bytes)
Event: 1.101 Thread 0x00007fd253864000 nmethod 324 0x0000000116509690 code [0x0000000116509820, 0x0000000116509c70]
Event: 1.101 Thread 0x00007fd253864000  323       1       java.util.LinkedHashMap::removeEldestEntry (2 bytes)
Event: 1.102 Thread 0x00007fd253864000 nmethod 323 0x0000000116509ed0 code [0x000000011650a020, 0x000000011650a130]
Event: 1.102 Thread 0x00007fd253864000  326       3       java.util.LinkedHashMap::linkNodeLast (33 bytes)
Event: 1.102 Thread 0x00007fd253864000 nmethod 326 0x000000011650a190 code [0x000000011650a300, 0x000000011650a530]
Event: 1.102 Thread 0x00007fd253864000  327       3       java.util.LinkedHashMap::afterNodeInsertion (40 bytes)
Event: 1.102 Thread 0x00007fd253864000 nmethod 327 0x000000011650a610 code [0x000000011650a7c0, 0x000000011650ad08]

GC Heap History (0 events):
No events

Deoptimization events (0 events):
No events

Classes redefined (3 events):
Event: 82.002 Thread 0x00007fd252803000 redefined class name=Flight, count=1
Event: 166.151 Thread 0x00007fd252803000 redefined class name=Flight, count=2
Event: 209.865 Thread 0x00007fd252803000 redefined class name=Flight, count=3

Internal exceptions (7 events):
Event: 0.059 Thread 0x00007fd253001800 Exception <a 'java/lang/NoSuchMethodError': Method sun.misc.Unsafe.defineClass(Ljava/lang/String;[BII)Ljava/lang/Class; name or signature does not match> (0x0000000795587cb0) thrown at [/Users/java_re/workspace/8-2-build-macosx-x86_64/jdk8u181/11358/hotsp
Event: 0.059 Thread 0x00007fd253001800 Exception <a 'java/lang/NoSuchMethodError': Method sun.misc.Unsafe.prefetchRead(Ljava/lang/Object;J)V name or signature does not match> (0x0000000795587f98) thrown at [/Users/java_re/workspace/8-2-build-macosx-x86_64/jdk8u181/11358/hotspot/src/share/vm/pr
Event: 0.460 Thread 0x00007fd253001800 Exception <a 'java/io/FileNotFoundException'> (0x00000007958912d8) thrown at [/Users/java_re/workspace/8-2-build-macosx-x86_64/jdk8u181/11358/hotspot/src/share/vm/prims/jni.cpp, line 709]
Event: 0.493 Thread 0x00007fd253001800 Exception <a 'java/security/PrivilegedActionException'> (0x000000079598af90) thrown at [/Users/java_re/workspace/8-2-build-macosx-x86_64/jdk8u181/11358/hotspot/src/share/vm/prims/jvm.cpp, line 1435]
Event: 0.493 Thread 0x00007fd253001800 Exception <a 'java/security/PrivilegedActionException'> (0x000000079598b1a0) thrown at [/Users/java_re/workspace/8-2-build-macosx-x86_64/jdk8u181/11358/hotspot/src/share/vm/prims/jvm.cpp, line 1435]
Event: 0.494 Thread 0x00007fd253001800 Exception <a 'java/security/PrivilegedActionException'> (0x000000079598e4d0) thrown at [/Users/java_re/workspace/8-2-build-macosx-x86_64/jdk8u181/11358/hotspot/src/share/vm/prims/jvm.cpp, line 1435]
Event: 0.494 Thread 0x00007fd253001800 Exception <a 'java/security/PrivilegedActionException'> (0x000000079598e6e0) thrown at [/Users/java_re/workspace/8-2-build-macosx-x86_64/jdk8u181/11358/hotspot/src/share/vm/prims/jvm.cpp, line 1435]

Events (10 events):
Event: 210.036 Executing VM operation: GetOrSetLocal done
Event: 210.043 Executing VM operation: GetOrSetLocal
Event: 210.043 Executing VM operation: GetOrSetLocal done
Event: 210.079 Executing VM operation: GetOrSetLocal
Event: 210.079 Executing VM operation: GetOrSetLocal done
Event: 210.083 Executing VM operation: GetOrSetLocal
Event: 210.083 Executing VM operation: GetOrSetLocal done
Event: 210.087 Executing VM operation: GetOrSetLocal
Event: 210.087 Executing VM operation: GetOrSetLocal done
Event: 210.107 Executing VM operation: GetOrSetLocal


Dynamic libraries:
0x00007fff2748c000 	/System/Library/Frameworks/Cocoa.framework/Versions/A/Cocoa
0x00007fff33aa5000 	/System/Library/Frameworks/Security.framework/Versions/A/Security
0x00007fff260ce000 	/System/Library/Frameworks/ApplicationServices.framework/Versions/A/ApplicationServices
0x00007fff4f8e5000 	/usr/lib/libz.1.dylib
0x00007fff4d816000 	/usr/lib/libSystem.B.dylib
0x00007fff4eecf000 	/usr/lib/libobjc.A.dylib
0x00007fff27c3f000 	/System/Library/Frameworks/CoreFoundation.framework/Versions/A/CoreFoundation
0x00007fff29da0000 	/System/Library/Frameworks/Foundation.framework/Versions/C/Foundation
0x00007fff2521e000 	/System/Library/Frameworks/AppKit.framework/Versions/C/AppKit
0x00007fff27804000 	/System/Library/Frameworks/CoreData.framework/Versions/A/CoreData
0x00007fff4715b000 	/System/Library/PrivateFrameworks/RemoteViewServices.framework/Versions/A/RemoteViewServices
0x00007fff4b8bb000 	/System/Library/PrivateFrameworks/UIFoundation.framework/Versions/A/UIFoundation
0x00007fff3bf6d000 	/System/Library/PrivateFrameworks/DFRFoundation.framework/Versions/A/DFRFoundation
0x00007fff2c40c000 	/System/Library/Frameworks/Metal.framework/Versions/A/Metal
0x00007fff3c10a000 	/System/Library/PrivateFrameworks/DesktopServicesPriv.framework/Versions/A/DesktopServicesPriv
0x00007fff4e41c000 	/usr/lib/libenergytrace.dylib
0x00007fff49926000 	/System/Library/PrivateFrameworks/SkyLight.framework/Versions/A/SkyLight
0x00007fff280e2000 	/System/Library/Frameworks/CoreGraphics.framework/Versions/A/CoreGraphics
0x00007fff4d811000 	/usr/lib/libScreenReader.dylib
0x00007fff241b8000 	/System/Library/Frameworks/Accelerate.framework/Versions/A/Accelerate
0x00007fff2a51a000 	/System/Library/Frameworks/IOSurface.framework/Versions/A/IOSurface
0x00007fff26618000 	/System/Library/Frameworks/AudioToolbox.framework/Versions/A/AudioToolbox
0x00007fff268a8000 	/System/Library/Frameworks/AudioUnit.framework/Versions/A/AudioUnit
0x00007fff3c005000 	/System/Library/PrivateFrameworks/DataDetectorsCore.framework/Versions/A/DataDetectorsCore
0x00007fff26f7f000 	/System/Library/Frameworks/Carbon.framework/Versions/A/Frameworks/HIToolbox.framework/Versions/A/HIToolbox
0x00007fff4e576000 	/usr/lib/libicucore.A.dylib
0x00007fff33024000 	/System/Library/Frameworks/QuartzCore.framework/Versions/A/QuartzCore
0x00007fff48bdd000 	/System/Library/PrivateFrameworks/SignpostNotification.framework/Versions/A/SignpostNotification
0x00007fff27365000 	/System/Library/Frameworks/Carbon.framework/Versions/A/Frameworks/SpeechRecognition.framework/Versions/A/SpeechRecognition
0x00007fff4d972000 	/usr/lib/libauto.dylib
0x00007fff4f7d4000 	/usr/lib/libxml2.2.dylib
0x00007fff3bbbe000 	/System/Library/PrivateFrameworks/CoreUI.framework/Versions/A/CoreUI
0x00007fff276e0000 	/System/Library/Frameworks/CoreAudio.framework/Versions/A/CoreAudio
0x00007fff29bda000 	/System/Library/Frameworks/DiskArbitration.framework/Versions/A/DiskArbitration
0x00007fff4e7ea000 	/usr/lib/liblangid.dylib
0x00007fff43665000 	/System/Library/PrivateFrameworks/MultitouchSupport.framework/Versions/A/MultitouchSupport
0x00007fff2a47d000 	/System/Library/Frameworks/IOKit.framework/Versions/A/IOKit
0x00007fff4d4a0000 	/usr/lib/libDiagnosticMessagesClient.dylib
0x00007fff28db8000 	/System/Library/Frameworks/CoreServices.framework/Versions/A/CoreServices
0x00007fff45197000 	/System/Library/PrivateFrameworks/PerformanceAnalysis.framework/Versions/A/PerformanceAnalysis
0x00007fff321c6000 	/System/Library/Frameworks/OpenGL.framework/Versions/A/OpenGL
0x00007fff2749a000 	/System/Library/Frameworks/ColorSync.framework/Versions/A/ColorSync
0x00007fff286f4000 	/System/Library/Frameworks/CoreImage.framework/Versions/A/CoreImage
0x00007fff29748000 	/System/Library/Frameworks/CoreText.framework/Versions/A/CoreText
0x00007fff2a578000 	/System/Library/Frameworks/ImageIO.framework/Versions/A/ImageIO
0x00007fff388b5000 	/System/Library/PrivateFrameworks/Backup.framework/Versions/A/Backup
0x00007fff4d8c2000 	/usr/lib/libarchive.2.dylib
0x00007fff26bcb000 	/System/Library/Frameworks/CFNetwork.framework/Versions/A/CFNetwork
0x00007fff34238000 	/System/Library/Frameworks/SystemConfiguration.framework/Versions/A/SystemConfiguration
0x00007fff4d3c9000 	/usr/lib/libCRFSuite.dylib
0x00007fff4da4b000 	/usr/lib/libc++.1.dylib
0x00007fff4daa2000 	/usr/lib/libc++abi.dylib
0x00007fff4f993000 	/usr/lib/system/libcache.dylib
0x00007fff4f998000 	/usr/lib/system/libcommonCrypto.dylib
0x00007fff4f9a3000 	/usr/lib/system/libcompiler_rt.dylib
0x00007fff4f9ab000 	/usr/lib/system/libcopyfile.dylib
0x00007fff4f9b5000 	/usr/lib/system/libcorecrypto.dylib
0x00007fff4fac2000 	/usr/lib/system/libdispatch.dylib
0x00007fff4fafc000 	/usr/lib/system/libdyld.dylib
0x00007fff4fb1a000 	/usr/lib/system/libkeymgr.dylib
0x00007fff4fb28000 	/usr/lib/system/liblaunch.dylib
0x00007fff4fb29000 	/usr/lib/system/libmacho.dylib
0x00007fff4fb2e000 	/usr/lib/system/libquarantine.dylib
0x00007fff4fb31000 	/usr/lib/system/libremovefile.dylib
0x00007fff4fb33000 	/usr/lib/system/libsystem_asl.dylib
0x00007fff4fb4b000 	/usr/lib/system/libsystem_blocks.dylib
0x00007fff4fb4c000 	/usr/lib/system/libsystem_c.dylib
0x00007fff4fbd6000 	/usr/lib/system/libsystem_configuration.dylib
0x00007fff4fbda000 	/usr/lib/system/libsystem_coreservices.dylib
0x00007fff4fbde000 	/usr/lib/system/libsystem_darwin.dylib
0x00007fff4fbe0000 	/usr/lib/system/libsystem_dnssd.dylib
0x00007fff4fbe7000 	/usr/lib/system/libsystem_info.dylib
0x00007fff4fc58000 	/usr/lib/system/libsystem_m.dylib
0x00007fff4fca4000 	/usr/lib/system/libsystem_malloc.dylib
0x00007fff4fcc4000 	/usr/lib/system/libsystem_network.dylib
0x00007fff4fdf5000 	/usr/lib/system/libsystem_networkextension.dylib
0x00007fff4fe00000 	/usr/lib/system/libsystem_notify.dylib
0x00007fff4fe1e000 	/usr/lib/system/libsystem_sandbox.dylib
0x00007fff4fe22000 	/usr/lib/system/libsystem_secinit.dylib
0x00007fff4fc31000 	/usr/lib/system/libsystem_kernel.dylib
0x00007fff4fe0a000 	/usr/lib/system/libsystem_platform.dylib
0x00007fff4fe12000 	/usr/lib/system/libsystem_pthread.dylib
0x00007fff4fe24000 	/usr/lib/system/libsystem_symptoms.dylib
0x00007fff4fe2c000 	/usr/lib/system/libsystem_trace.dylib
0x00007fff4fe41000 	/usr/lib/system/libunwind.dylib
0x00007fff4fe47000 	/usr/lib/system/libxpc.dylib
0x00007fff4d2dc000 	/usr/lib/closure/libclosured.dylib
0x00007fff4da2c000 	/usr/lib/libbsm.0.dylib
0x00007fff4fb1b000 	/usr/lib/system/libkxld.dylib
0x00007fff4d6da000 	/usr/lib/libOpenScriptingUtil.dylib
0x00007fff4dd9b000 	/usr/lib/libcoretls.dylib
0x00007fff4ddb4000 	/usr/lib/libcoretls_cfhelpers.dylib
0x00007fff4f2d0000 	/usr/lib/libpam.2.dylib
0x00007fff4f3f7000 	/usr/lib/libsqlite3.dylib
0x00007fff4f7c3000 	/usr/lib/libxar.1.dylib
0x00007fff4da3d000 	/usr/lib/libbz2.1.0.dylib
0x00007fff4e7ec000 	/usr/lib/liblzma.5.dylib
0x00007fff4eccd000 	/usr/lib/libnetwork.dylib
0x00007fff4d8ab000 	/usr/lib/libapple_nghttp2.dylib
0x00007fff4f2d7000 	/usr/lib/libpcap.A.dylib
0x00007fff4d973000 	/usr/lib/libboringssl.dylib
0x00007fff4f75e000 	/usr/lib/libusrtcp.dylib
0x00007fff4d8aa000 	/usr/lib/libapple_crypto.dylib
0x00007fff2913b000 	/System/Library/Frameworks/CoreServices.framework/Versions/A/Frameworks/FSEvents.framework/Versions/A/FSEvents
0x00007fff28e2e000 	/System/Library/Frameworks/CoreServices.framework/Versions/A/Frameworks/CarbonCore.framework/Versions/A/CarbonCore
0x00007fff29302000 	/System/Library/Frameworks/CoreServices.framework/Versions/A/Frameworks/Metadata.framework/Versions/A/Metadata
0x00007fff293b3000 	/System/Library/Frameworks/CoreServices.framework/Versions/A/Frameworks/OSServices.framework/Versions/A/OSServices
0x00007fff29414000 	/System/Library/Frameworks/CoreServices.framework/Versions/A/Frameworks/SearchKit.framework/Versions/A/SearchKit
0x00007fff28db9000 	/System/Library/Frameworks/CoreServices.framework/Versions/A/Frameworks/AE.framework/Versions/A/AE
0x00007fff29144000 	/System/Library/Frameworks/CoreServices.framework/Versions/A/Frameworks/LaunchServices.framework/Versions/A/LaunchServices
0x00007fff29106000 	/System/Library/Frameworks/CoreServices.framework/Versions/A/Frameworks/DictionaryServices.framework/Versions/A/DictionaryServices
0x00007fff29483000 	/System/Library/Frameworks/CoreServices.framework/Versions/A/Frameworks/SharedFileList.framework/Versions/A/SharedFileList
0x00007fff2d642000 	/System/Library/Frameworks/NetFS.framework/Versions/A/NetFS
0x00007fff438f6000 	/System/Library/PrivateFrameworks/NetAuth.framework/Versions/A/NetAuth
0x00007fff4d173000 	/System/Library/PrivateFrameworks/login.framework/Versions/A/Frameworks/loginsupport.framework/Versions/A/loginsupport
0x00007fff4b538000 	/System/Library/PrivateFrameworks/TCC.framework/Versions/A/TCC
0x00007fff4e8cd000 	/usr/lib/libmecabra.dylib
0x00007fff260cf000 	/System/Library/Frameworks/ApplicationServices.framework/Versions/A/Frameworks/ATS.framework/Versions/A/ATS
0x00007fff2647d000 	/System/Library/Frameworks/ApplicationServices.framework/Versions/A/Frameworks/ColorSyncLegacy.framework/Versions/A/ColorSyncLegacy
0x00007fff26521000 	/System/Library/Frameworks/ApplicationServices.framework/Versions/A/Frameworks/HIServices.framework/Versions/A/HIServices
0x00007fff26574000 	/System/Library/Frameworks/ApplicationServices.framework/Versions/A/Frameworks/LangAnalysis.framework/Versions/A/LangAnalysis
0x00007fff26583000 	/System/Library/Frameworks/ApplicationServices.framework/Versions/A/Frameworks/PrintCore.framework/Versions/A/PrintCore
0x00007fff265d0000 	/System/Library/Frameworks/ApplicationServices.framework/Versions/A/Frameworks/QD.framework/Versions/A/QD
0x00007fff2660b000 	/System/Library/Frameworks/ApplicationServices.framework/Versions/A/Frameworks/SpeechSynthesis.framework/Versions/A/SpeechSynthesis
0x00007fff27b5b000 	/System/Library/Frameworks/CoreDisplay.framework/Versions/A/CoreDisplay
0x00007fff241d0000 	/System/Library/Frameworks/Accelerate.framework/Versions/A/Frameworks/vImage.framework/Versions/A/vImage
0x00007fff24f2a000 	/System/Library/Frameworks/Accelerate.framework/Versions/A/Frameworks/vecLib.framework/Versions/A/vecLib
0x00007fff24cca000 	/System/Library/Frameworks/Accelerate.framework/Versions/A/Frameworks/vecLib.framework/Versions/A/libvDSP.dylib
0x00007fff2482a000 	/System/Library/Frameworks/Accelerate.framework/Versions/A/Frameworks/vecLib.framework/Versions/A/libBNNS.dylib
0x00007fff24c2f000 	/System/Library/Frameworks/Accelerate.framework/Versions/A/Frameworks/vecLib.framework/Versions/A/libQuadrature.dylib
0x00007fff24e78000 	/System/Library/Frameworks/Accelerate.framework/Versions/A/Frameworks/vecLib.framework/Versions/A/libvMisc.dylib
0x00007fff24859000 	/System/Library/Frameworks/Accelerate.framework/Versions/A/Frameworks/vecLib.framework/Versions/A/libLAPACK.dylib
0x00007fff246cf000 	/System/Library/Frameworks/Accelerate.framework/Versions/A/Frameworks/vecLib.framework/Versions/A/libBLAS.dylib
0x00007fff24c19000 	/System/Library/Frameworks/Accelerate.framework/Versions/A/Frameworks/vecLib.framework/Versions/A/libLinearAlgebra.dylib
0x00007fff24c35000 	/System/Library/Frameworks/Accelerate.framework/Versions/A/Frameworks/vecLib.framework/Versions/A/libSparse.dylib
0x00007fff24cb6000 	/System/Library/Frameworks/Accelerate.framework/Versions/A/Frameworks/vecLib.framework/Versions/A/libSparseBLAS.dylib
0x00007fff40749000 	/System/Library/PrivateFrameworks/GPUWrangler.framework/Versions/A/GPUWrangler
0x00007fff41eda000 	/System/Library/PrivateFrameworks/IOAccelerator.framework/Versions/A/IOAccelerator
0x00007fff41ee5000 	/System/Library/PrivateFrameworks/IOPresentment.framework/Versions/A/IOPresentment
0x00007fff3bf7f000 	/System/Library/PrivateFrameworks/DSExternalDisplay.framework/Versions/A/DSExternalDisplay
0x00007fff31645000 	/System/Library/Frameworks/OpenGL.framework/Versions/A/Libraries/libCoreFSCache.dylib
0x00007fff29899000 	/System/Library/Frameworks/CoreVideo.framework/Versions/A/CoreVideo
0x00007fff414c4000 	/System/Library/PrivateFrameworks/GraphVisualizer.framework/Versions/A/GraphVisualizer
0x00007fff2c643000 	/System/Library/Frameworks/MetalPerformanceShaders.framework/Versions/A/MetalPerformanceShaders
0x00007fff4d4d8000 	/usr/lib/libFosl_dynamic.dylib
0x00007fff3d053000 	/System/Library/PrivateFrameworks/FaceCore.framework/Versions/A/FaceCore
0x00007fff30440000 	/System/Library/Frameworks/OpenCL.framework/Versions/A/OpenCL
0x00007fff4dad9000 	/usr/lib/libcompression.dylib
0x00007fff261ce000 	/System/Library/Frameworks/ApplicationServices.framework/Versions/A/Frameworks/ATS.framework/Versions/A/Resources/libFontParser.dylib
0x00007fff262f1000 	/System/Library/Frameworks/ApplicationServices.framework/Versions/A/Frameworks/ATS.framework/Versions/A/Resources/libFontRegistry.dylib
0x00007fff2a7e0000 	/System/Library/Frameworks/ImageIO.framework/Versions/A/Resources/libJPEG.dylib
0x00007fff2ab09000 	/System/Library/Frameworks/ImageIO.framework/Versions/A/Resources/libTIFF.dylib
0x00007fff2aadf000 	/System/Library/Frameworks/ImageIO.framework/Versions/A/Resources/libPng.dylib
0x00007fff2a6f3000 	/System/Library/Frameworks/ImageIO.framework/Versions/A/Resources/libGIF.dylib
0x00007fff2a6f8000 	/System/Library/Frameworks/ImageIO.framework/Versions/A/Resources/libJP2.dylib
0x00007fff2ab06000 	/System/Library/Frameworks/ImageIO.framework/Versions/A/Resources/libRadiance.dylib
0x00007fff37fe0000 	/System/Library/PrivateFrameworks/AppleJPEG.framework/Versions/A/AppleJPEG
0x00007fff2c4aa000 	/System/Library/Frameworks/MetalPerformanceShaders.framework/Frameworks/MPSCore.framework/Versions/A/MPSCore
0x00007fff2c4c6000 	/System/Library/Frameworks/MetalPerformanceShaders.framework/Frameworks/MPSImage.framework/Versions/A/MPSImage
0x00007fff2c55b000 	/System/Library/Frameworks/MetalPerformanceShaders.framework/Frameworks/MPSNeuralNetwork.framework/Versions/A/MPSNeuralNetwork
0x00007fff2c536000 	/System/Library/Frameworks/MetalPerformanceShaders.framework/Frameworks/MPSMatrix.framework/Versions/A/MPSMatrix
0x00007fff433db000 	/System/Library/PrivateFrameworks/MetalTools.framework/Versions/A/MetalTools
0x00007fff31810000 	/System/Library/Frameworks/OpenGL.framework/Versions/A/Libraries/libGLU.dylib
0x00007fff31650000 	/System/Library/Frameworks/OpenGL.framework/Versions/A/Libraries/libGFXShared.dylib
0x00007fff3165a000 	/System/Library/Frameworks/OpenGL.framework/Versions/A/Libraries/libGL.dylib
0x00007fff31666000 	/System/Library/Frameworks/OpenGL.framework/Versions/A/Libraries/libGLImage.dylib
0x00007fff31642000 	/System/Library/Frameworks/OpenGL.framework/Versions/A/Libraries/libCVMSPluginSupport.dylib
0x00007fff3164b000 	/System/Library/Frameworks/OpenGL.framework/Versions/A/Libraries/libCoreVMClient.dylib
0x00007fff4e286000 	/usr/lib/libcups.2.dylib
0x00007fff2ba11000 	/System/Library/Frameworks/Kerberos.framework/Versions/A/Kerberos
0x00007fff2a1d7000 	/System/Library/Frameworks/GSS.framework/Versions/A/GSS
0x00007fff4f38a000 	/usr/lib/libresolv.9.dylib
0x00007fff4e484000 	/usr/lib/libiconv.2.dylib
0x00007fff41556000 	/System/Library/PrivateFrameworks/Heimdal.framework/Versions/A/Heimdal
0x00007fff4e453000 	/usr/lib/libheimdal-asn1.dylib
0x00007fff304b8000 	/System/Library/Frameworks/OpenDirectory.framework/Versions/A/OpenDirectory
0x00007fff3a2f6000 	/System/Library/PrivateFrameworks/CommonAuth.framework/Versions/A/CommonAuth
0x00007fff3049b000 	/System/Library/Frameworks/OpenDirectory.framework/Versions/A/Frameworks/CFOpenDirectory.framework/Versions/A/CFOpenDirectory
0x00007fff33dd1000 	/System/Library/Frameworks/SecurityFoundation.framework/Versions/A/SecurityFoundation
0x00007fff371a5000 	/System/Library/PrivateFrameworks/APFS.framework/Versions/A/APFS
0x00007fff4f7bf000 	/usr/lib/libutil.dylib
0x00007fff38063000 	/System/Library/PrivateFrameworks/AppleSauce.framework/Versions/A/AppleSauce
0x00007fff426c2000 	/System/Library/PrivateFrameworks/LinguisticData.framework/Versions/A/LinguisticData
0x00007fff4e806000 	/usr/lib/libmarisa.dylib
0x00007fff4267c000 	/System/Library/PrivateFrameworks/Lexicon.framework/Versions/A/Lexicon
0x00007fff4d403000 	/usr/lib/libChineseTokenizer.dylib
0x00007fff4dac8000 	/usr/lib/libcmph.dylib
0x00007fff42586000 	/System/Library/PrivateFrameworks/LanguageModeling.framework/Versions/A/LanguageModeling
0x00007fff3ae05000 	/System/Library/PrivateFrameworks/CoreEmoji.framework/Versions/A/CoreEmoji
0x00007fff33e8f000 	/System/Library/Frameworks/ServiceManagement.framework/Versions/A/ServiceManagement
0x00007fff388ad000 	/System/Library/PrivateFrameworks/BackgroundTaskManagement.framework/Versions/A/BackgroundTaskManagement
0x00007fff4f8bc000 	/usr/lib/libxslt.1.dylib
0x00007fff2728f000 	/System/Library/Frameworks/Carbon.framework/Versions/A/Frameworks/Ink.framework/Versions/A/Ink
0x00007fff4b74d000 	/System/Library/PrivateFrameworks/TextureIO.framework/Versions/A/TextureIO
0x00007fff4d8ed000 	/usr/lib/libate.dylib
0x00007fff3bedf000 	/System/Library/PrivateFrameworks/CrashReporterSupport.framework/Versions/A/CrashReporterSupport
0x00007fff48a9d000 	/System/Library/PrivateFrameworks/Sharing.framework/Versions/A/Sharing
0x00007fff422c7000 	/System/Library/PrivateFrameworks/IconServices.framework/Versions/A/IconServices
0x00007fff384dd000 	/System/Library/PrivateFrameworks/AuthKit.framework/Versions/A/AuthKit
0x00007fff37e63000 	/System/Library/PrivateFrameworks/Apple80211.framework/Versions/A/Apple80211
0x00007fff3bcf4000 	/System/Library/PrivateFrameworks/CoreUtils.framework/Versions/A/CoreUtils
0x00007fff298d4000 	/System/Library/Frameworks/CoreWLAN.framework/Versions/A/CoreWLAN
0x00007fff2a319000 	/System/Library/Frameworks/IOBluetooth.framework/Versions/A/IOBluetooth
0x00007fff46f66000 	/System/Library/PrivateFrameworks/ProtocolBuffer.framework/Versions/A/ProtocolBuffer
0x00007fff435c0000 	/System/Library/PrivateFrameworks/MobileKeyBag.framework/Versions/A/MobileKeyBag
0x00007fff3b5a9000 	/System/Library/PrivateFrameworks/CorePhoneNumbers.framework/Versions/A/CorePhoneNumbers
0x00007fff37f9b000 	/System/Library/PrivateFrameworks/AppleIDAuthSupport.framework/Versions/A/AppleIDAuthSupport
0x00007fff42572000 	/System/Library/PrivateFrameworks/KeychainCircle.framework/Versions/A/KeychainCircle
0x00007fff3be7a000 	/System/Library/PrivateFrameworks/CoreWiFi.framework/Versions/A/CoreWiFi
0x00007fff277da000 	/System/Library/Frameworks/CoreBluetooth.framework/Versions/A/CoreBluetooth
0x00007fff3c0c9000 	/System/Library/PrivateFrameworks/DebugSymbols.framework/Versions/A/DebugSymbols
0x00007fff3baaa000 	/System/Library/PrivateFrameworks/CoreSymbolication.framework/Versions/A/CoreSymbolication
0x00007fff4af3e000 	/System/Library/PrivateFrameworks/Symbolication.framework/Versions/A/Symbolication
0x00007fff37e8d000 	/System/Library/PrivateFrameworks/AppleFSCompression.framework/Versions/A/AppleFSCompression
0x00007fff4a38b000 	/System/Library/PrivateFrameworks/SpeechRecognitionCore.framework/Versions/A/SpeechRecognitionCore
0x0000000107e00000 	/Library/Java/JavaVirtualMachines/jdk1.8.0_181.jdk/Contents/Home/jre/lib/server/libjvm.dylib
0x00007fff4f68c000 	/usr/lib/libstdc++.6.0.9.dylib
0x0000000108db4000 	/Library/Java/JavaVirtualMachines/jdk1.8.0_181.jdk/Contents/Home/jre/lib/libverify.dylib
0x0000000108dc2000 	/Library/Java/JavaVirtualMachines/jdk1.8.0_181.jdk/Contents/Home/jre/lib/libjava.dylib
0x0000000108df8000 	/Library/Java/JavaVirtualMachines/jdk1.8.0_181.jdk/Contents/Home/jre/lib/libjdwp.dylib
0x00000001075f4000 	/Library/Java/JavaVirtualMachines/jdk1.8.0_181.jdk/Contents/Home/jre/lib/libnpt.dylib
0x0000000108e43000 	/Library/Java/JavaVirtualMachines/jdk1.8.0_181.jdk/Contents/Home/jre/lib/libinstrument.dylib
0x0000000108edf000 	/Library/Java/JavaVirtualMachines/jdk1.8.0_181.jdk/Contents/Home/jre/lib/libzip.dylib
0x00000001111b0000 	/Library/Java/JavaVirtualMachines/jdk1.8.0_181.jdk/Contents/Home/jre/lib/libdt_socket.dylib

VM Arguments:
jvm_args: -agentlib:jdwp=transport=dt_socket,address=127.0.0.1:53002,suspend=y,server=n -ea -Didea.test.cyclic.buffer.size=1048576 -javaagent:/Users/user/Library/Caches/IdeaIC2018.2/captureAgent/debugger-agent.jar=file:/private/var/folders/gr/b72zqkzj5dd0fvxsfhfp6cmc0000gn/T/capture.props -Dfile.encoding=UTF-8 
java_command: com.intellij.rt.execution.junit.JUnitStarter -ideVersion5 -junit4 FlightTest,canAssignAvailableSeatToPassenger
java_class_path (initial): /Applications/IntelliJ IDEA CE.app/Contents/lib/idea_rt.jar:/Applications/IntelliJ IDEA CE.app/Contents/plugins/junit/lib/junit-rt.jar:/Applications/IntelliJ IDEA CE.app/Contents/plugins/junit/lib/junit5-rt.jar:/Library/Java/JavaVirtualMachines/jdk1.8.0_181.jdk/Contents/Home/jre/lib/charsets.jar:/Library/Java/JavaVirtualMachines/jdk1.8.0_181.jdk/Contents/Home/jre/lib/deploy.jar:/Library/Java/JavaVirtualMachines/jdk1.8.0_181.jdk/Contents/Home/jre/lib/ext/cldrdata.jar:/Library/Java/JavaVirtualMachines/jdk1.8.0_181.jdk/Contents/Home/jre/lib/ext/dnsns.jar:/Library/Java/JavaVirtualMachines/jdk1.8.0_181.jdk/Contents/Home/jre/lib/ext/jaccess.jar:/Library/Java/JavaVirtualMachines/jdk1.8.0_181.jdk/Contents/Home/jre/lib/ext/jfxrt.jar:/Library/Java/JavaVirtualMachines/jdk1.8.0_181.jdk/Contents/Home/jre/lib/ext/localedata.jar:/Library/Java/JavaVirtualMachines/jdk1.8.0_181.jdk/Contents/Home/jre/lib/ext/nashorn.jar:/Library/Java/JavaVirtualMachines/jdk1.8.0_181.jdk/Contents/Home/jre/lib/ext/sunec.jar:/Library/Java/JavaVirtualMachines/jdk1.8.0_181.jdk/Contents/Home/jre/lib/ext/sunjce_provider.jar:/Library/Java/JavaVirtualMachines/jdk1.8.0_181.jdk/Contents/Home/jre/lib/ext/sunpkcs11.jar:/Library/Java/JavaVirtualMachines/jdk1.8.0_181.jdk/Contents/Home/jre/lib/ext/zipfs.jar:/Library/Java/JavaVirtualMachines/jdk1.8.0_181.jdk/Contents/Home/jre/lib/javaws.jar:/Library/Java/JavaVirtualMachines/jdk1.8.0_181.jdk/Contents/Home/jre/lib/jce.jar:/Library/Java/JavaVirtualMachines/jdk1.8.0_181.jdk/Contents/Home/jre/lib/jfr.jar:/Library/Java/JavaVirtualMachines/jdk1.8.0_181.jdk/Contents/Home/jre/lib/jfxswt.jar:/Library/Java/JavaVirtualMachines/jdk1.8.0_181.jdk/Contents/Home/jre/lib/jsse.jar:/Library/Java/JavaVirtualMachines/jdk1.8.0_181.jdk/Contents/Home/jre/lib/management-agent.jar:/Library/Java/JavaVirtualMachines/jdk1.8.0_181.jdk/Contents/Home/jre/lib/plugin.jar:/Library/Java/JavaVirtualMachines/jdk1.8.0_181.jdk/Contents/Home/jre/lib/resources.jar:/Library/Java/Jav
Launcher Type: SUN_STANDARD

Environment Variables:
PATH=/usr/local/bin:/usr/bin:/bin:/usr/sbin:/sbin
SHELL=/bin/bash

Signal Handlers:
SIGSEGV: [libjvm.dylib+0x5b6029], sa_mask[0]=11111111011111110111111111111111, sa_flags=SA_ONSTACK|SA_RESTART|SA_SIGINFO
SIGBUS: [libjvm.dylib+0x5b6029], sa_mask[0]=11111111011111110111111111111111, sa_flags=SA_RESTART|SA_SIGINFO
SIGFPE: [libjvm.dylib+0x48b934], sa_mask[0]=11111111011111110111111111111111, sa_flags=SA_RESTART|SA_SIGINFO
SIGPIPE: [libjvm.dylib+0x48b934], sa_mask[0]=11111111011111110111111111111111, sa_flags=SA_RESTART|SA_SIGINFO
SIGXFSZ: [libjvm.dylib+0x48b934], sa_mask[0]=11111111011111110111111111111111, sa_flags=SA_RESTART|SA_SIGINFO
SIGILL: [libjvm.dylib+0x48b934], sa_mask[0]=11111111011111110111111111111111, sa_flags=SA_RESTART|SA_SIGINFO
SIGUSR1: SIG_DFL, sa_mask[0]=00000000000000000000000000000000, sa_flags=none
SIGUSR2: [libjvm.dylib+0x48b452], sa_mask[0]=00100000000000000000000000000000, sa_flags=SA_RESTART|SA_SIGINFO
SIGHUP: [libjvm.dylib+0x489a1d], sa_mask[0]=11111111011111110111111111111111, sa_flags=SA_RESTART|SA_SIGINFO
SIGINT: [libjvm.dylib+0x489a1d], sa_mask[0]=11111111011111110111111111111111, sa_flags=SA_RESTART|SA_SIGINFO
SIGTERM: [libjvm.dylib+0x489a1d], sa_mask[0]=11111111011111110111111111111111, sa_flags=SA_RESTART|SA_SIGINFO
SIGQUIT: [libjvm.dylib+0x489a1d], sa_mask[0]=11111111011111110111111111111111, sa_flags=SA_RESTART|SA_SIGINFO


---------------  S Y S T E M  ---------------

OS:Bsduname:Darwin 17.7.0 Darwin Kernel Version 17.7.0: Thu Jun 21 22:53:14 PDT 2018; root:xnu-4570.71.2~1/RELEASE_X86_64 x86_64
rlimit: STACK 8192k, CORE 0k, NPROC 709, NOFILE 10240, AS infinity
load average:4.39 3.51 3.01

CPU:total 4 (initial active 4) (2 cores per cpu, 2 threads per core) family 6 model 61 stepping 4, cmov, cx8, fxsr, mmx, sse, sse2, sse3, ssse3, sse4.1, sse4.2, popcnt, avx, avx2, aes, clmul, erms, 3dnowpref, lzcnt, ht, tsc, tscinvbit, bmi1, bmi2, adx

Memory: 4k page, physical 8388608k(313000k free)

/proc/meminfo:


vm_info: Java HotSpot(TM) 64-Bit Server VM (25.181-b13) for bsd-amd64 JRE (1.8.0_181-b13), built on Jul  7 2018 01:02:31 by "java_re" with gcc 4.2.1 (Based on Apple Inc. build 5658) (LLVM build 2336.11.00)

time: Thu Nov 15 19:07:33 2018
elapsed time: 210 seconds (0d 0h 3m 30s)

